<?xml version="1.0" encoding="UTF-8"?>
<!-- Generated by org.testng.reporters.JUnitReportReporter -->
<testsuite name="Maven.Test02" tests="1" time="12.010" ignored="0" failures="0" timestamp="02 May 2021 15:04:18 GMT" skipped="0" hostname="DESKTOP-GB4PM6C" errors="0">
  <testcase name="verifySubTitle" time="12.010" classname="Maven.Test02"/>
</testsuite> <!-- Maven.Test02 -->
