<?xml version="1.0" encoding="UTF-8"?>
<!-- Generated by org.testng.reporters.JUnitReportReporter -->
<testsuite skipped="0" hostname="DESKTOP-GB4PM6C" name="Maven.Test01" tests="1" failures="0" timestamp="2021-05-02T21:05:25 IST" time="5.115" errors="0">
  <testcase name="verifyTitle" time="5.115" classname="Maven.Test01"/>
  <system-out/>
</testsuite> <!-- Maven.Test01 -->
